<?xml version="1.0" encoding="UTF-8"?>
<!-- Generated by org.testng.reporters.JUnitXMLReporter -->
<testsuite ignored="1" hostname="Danish" failures="0" tests="6" name="Test" time="32.181" errors="0" timestamp="2025-09-28T16:07:05 IST">
  <testcase classname="TestCases.TestCase01" name="test001" time="3.087"/>
  <testcase classname="TestCases.TestCase01" name="test001" time="3.253"/>
  <testcase classname="TestCases.TestCase01" name="test001" time="2.926"/>
  <testcase classname="TestCases.TestCase01" name="test001" time="3.025"/>
  <testcase classname="TestCases.TestCase01" name="test001" time="3.104"/>
  <testcase classname="TestCases.TestCase01" name="test001" time="4.008"/>
  <testcase classname="TestCases.TestCase02" name="iphone_addcart_StatusCheck" time="0.0">
    <ignored/>
  </testcase> <!-- iphone_addcart_StatusCheck -->
</testsuite> <!-- Test -->
