<?xml version="1.0" encoding="UTF-8"?>
<!-- Generated by org.testng.reporters.JUnitXMLReporter -->
<testsuite ignored="1" hostname="Danish" failures="0" tests="6" name="Test" time="26.807" errors="0" timestamp="2025-09-28T19:16:56 IST">
  <testcase classname="TestCases.TestCase01" name="test001" time="2.848"/>
  <testcase classname="TestCases.TestCase01" name="test001" time="3.752"/>
  <testcase classname="TestCases.TestCase01" name="test001" time="3.256"/>
  <testcase classname="TestCases.TestCase01" name="test001" time="2.644"/>
  <testcase classname="TestCases.TestCase01" name="test001" time="2.568"/>
  <testcase classname="TestCases.TestCase01" name="test001" time="2.621"/>
  <testcase classname="TestCases.TestCase02" name="iphone_addcart_StatusCheck" time="0.0">
    <ignored/>
  </testcase> <!-- iphone_addcart_StatusCheck -->
</testsuite> <!-- Test -->
