<?xml version="1.0" encoding="UTF-8"?>
<testng-results ignored="0" total="6" passed="6" failed="0" skipped="0">
  <reporter-output>
  </reporter-output>
  <suite started-at="2025-09-28T19:16:30 IST" name="Suite" finished-at="2025-09-28T19:16:56 IST" duration-ms="26807">
    <groups>
      <group name="smoke">
        <method signature="TestCase01.test001(java.lang.String)[pri:0, instance:TestCases.TestCase01@243c4f91]" name="test001" class="TestCases.TestCase01"/>
      </group> <!-- smoke -->
    </groups>
    <test started-at="2025-09-28T19:16:30 IST" name="Test" finished-at="2025-09-28T19:16:56 IST" duration-ms="26807">
      <class name="TestCases.TestCase01">
        <test-method is-config="true" signature="setup(java.lang.String,java.lang.String,java.lang.String,java.lang.String)[pri:0, instance:TestCases.TestCase01@243c4f91]" started-at="2025-09-28T19:16:30 IST" name="setup" finished-at="2025-09-28T19:16:36 IST" duration-ms="6237" status="PASS">
          <params>
            <param index="0">
              <value>
                <![CDATA[smoke]]>
              </value>
            </param>
            <param index="1">
              <value>
                <![CDATA[]]>
              </value>
            </param>
            <param index="2">
              <value>
                <![CDATA[]]>
              </value>
            </param>
            <param index="3">
              <value>
                <![CDATA[]]>
              </value>
            </param>
          </params>
          <reporter-output>
          </reporter-output>
        </test-method> <!-- setup -->
        <test-method signature="test001(java.lang.String)[pri:0, instance:TestCases.TestCase01@243c4f91]" started-at="2025-09-28T19:16:38 IST" name="test001" data-provider="dp2" finished-at="2025-09-28T19:16:41 IST" duration-ms="2848" status="PASS">
          <params>
            <param index="0">
              <value>
                <![CDATA[Android]]>
              </value>
            </param>
          </params>
          <reporter-output>
          </reporter-output>
        </test-method> <!-- test001 -->
        <test-method signature="test001(java.lang.String)[pri:0, instance:TestCases.TestCase01@243c4f91]" started-at="2025-09-28T19:16:41 IST" name="test001" data-provider="dp2" finished-at="2025-09-28T19:16:45 IST" duration-ms="3752" status="PASS">
          <params>
            <param index="0">
              <value>
                <![CDATA[Mac]]>
              </value>
            </param>
          </params>
          <reporter-output>
          </reporter-output>
        </test-method> <!-- test001 -->
        <test-method signature="test001(java.lang.String)[pri:0, instance:TestCases.TestCase01@243c4f91]" started-at="2025-09-28T19:16:45 IST" name="test001" data-provider="dp2" finished-at="2025-09-28T19:16:48 IST" duration-ms="3256" status="PASS">
          <params>
            <param index="0">
              <value>
                <![CDATA[Iphone]]>
              </value>
            </param>
          </params>
          <reporter-output>
          </reporter-output>
        </test-method> <!-- test001 -->
        <test-method signature="test001(java.lang.String)[pri:0, instance:TestCases.TestCase01@243c4f91]" started-at="2025-09-28T19:16:48 IST" name="test001" data-provider="dp2" finished-at="2025-09-28T19:16:51 IST" duration-ms="2644" status="PASS">
          <params>
            <param index="0">
              <value>
                <![CDATA[Blueberry]]>
              </value>
            </param>
          </params>
          <reporter-output>
          </reporter-output>
        </test-method> <!-- test001 -->
        <test-method signature="test001(java.lang.String)[pri:0, instance:TestCases.TestCase01@243c4f91]" started-at="2025-09-28T19:16:51 IST" name="test001" data-provider="dp2" finished-at="2025-09-28T19:16:53 IST" duration-ms="2568" status="PASS">
          <params>
            <param index="0">
              <value>
                <![CDATA[Headphone]]>
              </value>
            </param>
          </params>
          <reporter-output>
          </reporter-output>
        </test-method> <!-- test001 -->
        <test-method signature="test001(java.lang.String)[pri:0, instance:TestCases.TestCase01@243c4f91]" started-at="2025-09-28T19:16:53 IST" name="test001" data-provider="dp2" finished-at="2025-09-28T19:16:56 IST" duration-ms="2621" status="PASS">
          <params>
            <param index="0">
              <value>
                <![CDATA[Danish]]>
              </value>
            </param>
          </params>
          <reporter-output>
          </reporter-output>
        </test-method> <!-- test001 -->
        <test-method is-config="true" signature="teardown()[pri:0, instance:TestCases.TestCase01@243c4f91]" started-at="2025-09-28T19:16:56 IST" name="teardown" finished-at="2025-09-28T19:16:56 IST" duration-ms="426" status="PASS">
          <reporter-output>
          </reporter-output>
        </test-method> <!-- teardown -->
      </class> <!-- TestCases.TestCase01 -->
    </test> <!-- Test -->
  </suite> <!-- Suite -->
</testng-results>
