<?xml version="1.0" encoding="UTF-8"?>
<testng-results ignored="0" total="6" passed="6" failed="0" skipped="0">
  <reporter-output>
  </reporter-output>
  <suite started-at="2025-09-28T16:06:33 IST" name="Suite" finished-at="2025-09-28T16:07:05 IST" duration-ms="32181">
    <groups>
      <group name="smoke">
        <method signature="TestCase01.test001(java.lang.String)[pri:0, instance:TestCases.TestCase01@68999068]" name="test001" class="TestCases.TestCase01"/>
      </group> <!-- smoke -->
    </groups>
    <test started-at="2025-09-28T16:06:33 IST" name="Test" finished-at="2025-09-28T16:07:05 IST" duration-ms="32181">
      <class name="TestCases.TestCase01">
        <test-method is-config="true" signature="setup(java.lang.String,java.lang.String,java.lang.String,java.lang.String)[pri:0, instance:TestCases.TestCase01@68999068]" started-at="2025-09-28T16:06:33 IST" name="setup" finished-at="2025-09-28T16:06:43 IST" duration-ms="10052" status="PASS">
          <params>
            <param index="0">
              <value>
                <![CDATA[smoke]]>
              </value>
            </param>
            <param index="1">
              <value>
                <![CDATA[chrome]]>
              </value>
            </param>
            <param index="2">
              <value>
                <![CDATA[]]>
              </value>
            </param>
            <param index="3">
              <value>
                <![CDATA[qa]]>
              </value>
            </param>
          </params>
          <reporter-output>
          </reporter-output>
        </test-method> <!-- setup -->
        <test-method signature="test001(java.lang.String)[pri:0, instance:TestCases.TestCase01@68999068]" started-at="2025-09-28T16:06:46 IST" name="test001" data-provider="dp2" finished-at="2025-09-28T16:06:49 IST" duration-ms="3087" status="PASS">
          <params>
            <param index="0">
              <value>
                <![CDATA[Android]]>
              </value>
            </param>
          </params>
          <reporter-output>
          </reporter-output>
        </test-method> <!-- test001 -->
        <test-method signature="test001(java.lang.String)[pri:0, instance:TestCases.TestCase01@68999068]" started-at="2025-09-28T16:06:49 IST" name="test001" data-provider="dp2" finished-at="2025-09-28T16:06:52 IST" duration-ms="3253" status="PASS">
          <params>
            <param index="0">
              <value>
                <![CDATA[Mac]]>
              </value>
            </param>
          </params>
          <reporter-output>
          </reporter-output>
        </test-method> <!-- test001 -->
        <test-method signature="test001(java.lang.String)[pri:0, instance:TestCases.TestCase01@68999068]" started-at="2025-09-28T16:06:52 IST" name="test001" data-provider="dp2" finished-at="2025-09-28T16:06:55 IST" duration-ms="2926" status="PASS">
          <params>
            <param index="0">
              <value>
                <![CDATA[Iphone]]>
              </value>
            </param>
          </params>
          <reporter-output>
          </reporter-output>
        </test-method> <!-- test001 -->
        <test-method signature="test001(java.lang.String)[pri:0, instance:TestCases.TestCase01@68999068]" started-at="2025-09-28T16:06:55 IST" name="test001" data-provider="dp2" finished-at="2025-09-28T16:06:58 IST" duration-ms="3025" status="PASS">
          <params>
            <param index="0">
              <value>
                <![CDATA[Blueberry]]>
              </value>
            </param>
          </params>
          <reporter-output>
          </reporter-output>
        </test-method> <!-- test001 -->
        <test-method signature="test001(java.lang.String)[pri:0, instance:TestCases.TestCase01@68999068]" started-at="2025-09-28T16:06:58 IST" name="test001" data-provider="dp2" finished-at="2025-09-28T16:07:01 IST" duration-ms="3104" status="PASS">
          <params>
            <param index="0">
              <value>
                <![CDATA[Headphone]]>
              </value>
            </param>
          </params>
          <reporter-output>
          </reporter-output>
        </test-method> <!-- test001 -->
        <test-method signature="test001(java.lang.String)[pri:0, instance:TestCases.TestCase01@68999068]" started-at="2025-09-28T16:07:01 IST" name="test001" data-provider="dp2" finished-at="2025-09-28T16:07:05 IST" duration-ms="4008" status="PASS">
          <params>
            <param index="0">
              <value>
                <![CDATA[Danish]]>
              </value>
            </param>
          </params>
          <reporter-output>
          </reporter-output>
        </test-method> <!-- test001 -->
        <test-method is-config="true" signature="teardown()[pri:0, instance:TestCases.TestCase01@68999068]" started-at="2025-09-28T16:07:05 IST" name="teardown" finished-at="2025-09-28T16:07:05 IST" duration-ms="349" status="PASS">
          <reporter-output>
          </reporter-output>
        </test-method> <!-- teardown -->
      </class> <!-- TestCases.TestCase01 -->
    </test> <!-- Test -->
  </suite> <!-- Suite -->
</testng-results>
